[Wed Jul 19 23:07:46.531827 2017] [ssl:warn] [pid 2676:tid 568] AH01909: www.example.com:443:0 server certificate does NOT include an ID which matches the server name
[Wed Jul 19 23:07:46.684346 2017] [ssl:warn] [pid 2676:tid 568] AH01909: www.example.com:443:0 server certificate does NOT include an ID which matches the server name
[Wed Jul 19 23:07:46.710435 2017] [mpm_winnt:notice] [pid 2676:tid 568] AH00455: Apache/2.4.26 (Win32) OpenSSL/1.0.2l PHP/7.1.7 configured -- resuming normal operations
[Wed Jul 19 23:07:46.710435 2017] [mpm_winnt:notice] [pid 2676:tid 568] AH00456: Apache Lounge VC14 Server built: Jun 15 2017 12:39:41
[Wed Jul 19 23:07:46.710435 2017] [core:notice] [pid 2676:tid 568] AH00094: Command line: 'd:\\wordpress\\apache\\bin\\httpd.exe -d D:/Wordpress/apache'
[Wed Jul 19 23:07:46.712442 2017] [mpm_winnt:notice] [pid 2676:tid 568] AH00418: Parent: Created child process 5284
[Wed Jul 19 23:07:47.204619 2017] [ssl:warn] [pid 5284:tid 580] AH01909: www.example.com:443:0 server certificate does NOT include an ID which matches the server name
[Wed Jul 19 23:07:47.339579 2017] [ssl:warn] [pid 5284:tid 580] AH01909: www.example.com:443:0 server certificate does NOT include an ID which matches the server name
[Wed Jul 19 23:07:47.361654 2017] [mpm_winnt:notice] [pid 5284:tid 580] AH00354: Child: Starting 150 worker threads.
[Wed Jul 19 23:11:24.652522 2017] [php7:notice] [pid 5284:tid 1952] [client 127.0.0.1:58517] WordPress database error Unknown column 'wp_' in 'field list' for query SELECT wp_, referer: http://127.0.0.1/wordpress/wp-admin/setup-config.php?step=1
[Thu Jul 20 00:23:40.359228 2017] [ssl:warn] [pid 6128:tid 580] AH01909: www.example.com:443:0 server certificate does NOT include an ID which matches the server name
[Thu Jul 20 00:23:40.451190 2017] [core:warn] [pid 6128:tid 580] AH00098: pid file D:/wordpress/apache/logs/httpd.pid overwritten -- Unclean shutdown of previous Apache run?
[Thu Jul 20 00:23:40.538989 2017] [ssl:warn] [pid 6128:tid 580] AH01909: www.example.com:443:0 server certificate does NOT include an ID which matches the server name
[Thu Jul 20 00:23:40.560061 2017] [mpm_winnt:notice] [pid 6128:tid 580] AH00455: Apache/2.4.26 (Win32) OpenSSL/1.0.2l PHP/7.1.7 configured -- resuming normal operations
[Thu Jul 20 00:23:40.560061 2017] [mpm_winnt:notice] [pid 6128:tid 580] AH00456: Apache Lounge VC14 Server built: Jun 15 2017 12:39:41
[Thu Jul 20 00:23:40.560061 2017] [core:notice] [pid 6128:tid 580] AH00094: Command line: 'd:\\wordpress\\apache\\bin\\httpd.exe -d D:/wordpress/apache'
[Thu Jul 20 00:23:40.561567 2017] [mpm_winnt:notice] [pid 6128:tid 580] AH00418: Parent: Created child process 12944
[Thu Jul 20 00:23:41.038751 2017] [ssl:warn] [pid 12944:tid 552] AH01909: www.example.com:443:0 server certificate does NOT include an ID which matches the server name
[Thu Jul 20 00:23:41.199298 2017] [ssl:warn] [pid 12944:tid 552] AH01909: www.example.com:443:0 server certificate does NOT include an ID which matches the server name
[Thu Jul 20 00:23:41.221874 2017] [mpm_winnt:notice] [pid 12944:tid 552] AH00354: Child: Starting 150 worker threads.
