2015-11-10 15:26:56 10fc InnoDB: Warning: Using innodb_additional_mem_pool_size is DEPRECATED. This option may be removed in future releases, together with the option innodb_use_sys_malloc and with the InnoDB's internal memory allocator.
2015-11-10 15:26:56 4348 [Note] InnoDB: Using mutexes to ref count buffer pool pages
2015-11-10 15:26:56 4348 [Note] InnoDB: The InnoDB memory heap is disabled
2015-11-10 15:26:56 4348 [Note] InnoDB: Mutexes and rw_locks use Windows interlocked functions
2015-11-10 15:26:56 4348 [Note] InnoDB: Memory barrier is not used
2015-11-10 15:26:56 4348 [Note] InnoDB: Compressed tables use zlib 1.2.3
2015-11-10 15:26:56 4348 [Note] InnoDB: Not using CPU crc32 instructions
2015-11-10 15:26:56 4348 [Note] InnoDB: Initializing buffer pool, size = 16.0M
2015-11-10 15:26:56 4348 [Note] InnoDB: Completed initialization of buffer pool
2015-11-10 15:26:56 4348 [Note] InnoDB: Highest supported file format is Barracuda.
2015-11-10 15:26:57 4348 [Note] InnoDB: 128 rollback segment(s) are active.
2015-11-10 15:26:57 4348 [Note] InnoDB: Waiting for purge to start
2015-11-10 15:26:57 4348 [Note] InnoDB:  Percona XtraDB (http://www.percona.com) 5.6.26-74.0 started; log sequence number 1835027
2015-11-10 15:26:57 6140 [Note] InnoDB: Dumping buffer pool(s) not yet started
2015-11-10 15:26:57 4348 [Note] Plugin 'FEEDBACK' is disabled.
2015-11-10 15:26:57 4348 [Note] Server socket created on IP: '::'.
2015-11-10 15:26:57 4348 [Note] Event Scheduler: Loaded 0 events
2015-11-10 15:26:57 4348 [Note] C:\xampp\mysql\bin\mysqld.exe: ready for connections.
Version: '10.1.8-MariaDB'  socket: ''  port: 3306  mariadb.org binary distribution
2015-11-10 15:27:11 5152 [Note] C:\xampp\mysql\bin\mysqld.exe: Normal shutdown

2015-11-10 15:27:11 5152 [Note] Event Scheduler: Purging the queue. 0 events
2015-11-10 15:27:11 5732 [Note] InnoDB: FTS optimize thread exiting.
2015-11-10 15:27:11 5152 [Note] InnoDB: Starting shutdown...
2015-11-10 15:27:13 5152 [Note] InnoDB: Shutdown completed; log sequence number 1835037
2015-11-10 15:27:13 5152 [Note] C:\xampp\mysql\bin\mysqld.exe: Shutdown complete

2017-07-19 23:07:51 20c0 InnoDB: Warning: Using innodb_additional_mem_pool_size is DEPRECATED. This option may be removed in future releases, together with the option innodb_use_sys_malloc and with the InnoDB's internal memory allocator.
2017-07-19 23:07:51 8384 [Note] InnoDB: innodb_empty_free_list_algorithm has been changed to legacy because of small buffer pool size. In order to use backoff, increase buffer pool at least up to 20MB.

2017-07-19 23:07:51 8384 [Note] InnoDB: Using mutexes to ref count buffer pool pages
2017-07-19 23:07:51 8384 [Note] InnoDB: The InnoDB memory heap is disabled
2017-07-19 23:07:51 8384 [Note] InnoDB: Mutexes and rw_locks use Windows interlocked functions
2017-07-19 23:07:51 8384 [Note] InnoDB: _mm_lfence() and _mm_sfence() are used for memory barrier
2017-07-19 23:07:51 8384 [Note] InnoDB: Compressed tables use zlib 1.2.3
2017-07-19 23:07:51 8384 [Note] InnoDB: Using generic crc32 instructions
2017-07-19 23:07:51 8384 [Note] InnoDB: Initializing buffer pool, size = 16.0M
2017-07-19 23:07:51 8384 [Note] InnoDB: Completed initialization of buffer pool
2017-07-19 23:07:51 8384 [Note] InnoDB: Highest supported file format is Barracuda.
2017-07-19 23:07:51 8384 [Note] InnoDB: 128 rollback segment(s) are active.
2017-07-19 23:07:51 8384 [Note] InnoDB: Waiting for purge to start
2017-07-19 23:07:51 8384 [Note] InnoDB:  Percona XtraDB (http://www.percona.com) 5.6.36-82.0 started; log sequence number 1835037
2017-07-19 23:07:51 13792 [Note] InnoDB: Dumping buffer pool(s) not yet started
2017-07-19 23:07:51 8384 [Note] Plugin 'FEEDBACK' is disabled.
2017-07-19 23:07:51 8384 [Note] Server socket created on IP: '::'.
2017-07-19 23:07:52 8384 [Note] d:\wordpress\mysql\bin\mysqld.exe: ready for connections.
Version: '10.1.25-MariaDB'  socket: ''  port: 3306  mariadb.org binary distribution
2017-07-20 00:23:41 2f74 InnoDB: Warning: Using innodb_additional_mem_pool_size is DEPRECATED. This option may be removed in future releases, together with the option innodb_use_sys_malloc and with the InnoDB's internal memory allocator.
2017-07-20  0:23:41 12148 [Note] InnoDB: innodb_empty_free_list_algorithm has been changed to legacy because of small buffer pool size. In order to use backoff, increase buffer pool at least up to 20MB.

2017-07-20  0:23:41 12148 [Note] InnoDB: Using mutexes to ref count buffer pool pages
2017-07-20  0:23:41 12148 [Note] InnoDB: The InnoDB memory heap is disabled
2017-07-20  0:23:41 12148 [Note] InnoDB: Mutexes and rw_locks use Windows interlocked functions
2017-07-20  0:23:41 12148 [Note] InnoDB: _mm_lfence() and _mm_sfence() are used for memory barrier
2017-07-20  0:23:41 12148 [Note] InnoDB: Compressed tables use zlib 1.2.3
2017-07-20  0:23:41 12148 [Note] InnoDB: Using generic crc32 instructions
2017-07-20  0:23:41 12148 [Note] InnoDB: Initializing buffer pool, size = 16.0M
2017-07-20  0:23:41 12148 [Note] InnoDB: Completed initialization of buffer pool
2017-07-20  0:23:41 12148 [Note] InnoDB: Highest supported file format is Barracuda.
2017-07-20  0:23:41 12148 [Note] InnoDB: The log sequence number 1835037 in ibdata file do not match the log sequence number 3664778 in the ib_logfiles!
2017-07-20  0:23:41 12148 [Note] InnoDB: Restoring possible half-written data pages from the doublewrite buffer...
2017-07-20  0:23:43 12148 [Note] InnoDB: 128 rollback segment(s) are active.
2017-07-20  0:23:43 12148 [Note] InnoDB: Waiting for purge to start
2017-07-20  0:23:43 12148 [Note] InnoDB:  Percona XtraDB (http://www.percona.com) 5.6.36-82.0 started; log sequence number 3664778
2017-07-20  0:23:43 2804 [Note] InnoDB: Dumping buffer pool(s) not yet started
2017-07-20  0:23:43 12148 [Note] Plugin 'FEEDBACK' is disabled.
2017-07-20  0:23:43 12148 [Note] Server socket created on IP: '::'.
2017-07-20  0:23:43 12148 [ERROR] mysqld.exe: Table '.\mysql\user' is marked as crashed and should be repaired
2017-07-20  0:23:43 12148 [Warning] Checking table:   '.\mysql\user'
2017-07-20  0:23:43 12148 [ERROR] mysql.user: 1 client is using or hasn't closed the table properly
2017-07-20  0:23:43 12148 [ERROR] mysqld.exe: Table '.\mysql\db' is marked as crashed and should be repaired
2017-07-20  0:23:43 12148 [Warning] Checking table:   '.\mysql\db'
2017-07-20  0:23:43 12148 [ERROR] mysql.db: 1 client is using or hasn't closed the table properly
2017-07-20  0:23:43 12148 [Note] d:\wordpress\mysql\bin\mysqld.exe: ready for connections.
Version: '10.1.25-MariaDB'  socket: ''  port: 3306  mariadb.org binary distribution
2017-07-20 00:25:09 2e38 InnoDB: Warning: Using innodb_additional_mem_pool_size is DEPRECATED. This option may be removed in future releases, together with the option innodb_use_sys_malloc and with the InnoDB's internal memory allocator.
2017-07-20  0:25:09 11832 [Note] InnoDB: innodb_empty_free_list_algorithm has been changed to legacy because of small buffer pool size. In order to use backoff, increase buffer pool at least up to 20MB.

2017-07-20  0:25:09 11832 [Note] InnoDB: Using mutexes to ref count buffer pool pages
2017-07-20  0:25:09 11832 [Note] InnoDB: The InnoDB memory heap is disabled
2017-07-20  0:25:09 11832 [Note] InnoDB: Mutexes and rw_locks use Windows interlocked functions
2017-07-20  0:25:09 11832 [Note] InnoDB: _mm_lfence() and _mm_sfence() are used for memory barrier
2017-07-20  0:25:09 11832 [Note] InnoDB: Compressed tables use zlib 1.2.3
2017-07-20  0:25:09 11832 [Note] InnoDB: Using generic crc32 instructions
2017-07-20  0:25:09 11832 [Note] InnoDB: Initializing buffer pool, size = 16.0M
2017-07-20  0:25:09 11832 [Note] InnoDB: Completed initialization of buffer pool
2017-07-20  0:25:09 11832 [Note] InnoDB: Highest supported file format is Barracuda.
2017-07-20  0:25:09 11832 [Note] InnoDB: The log sequence number 1835037 in ibdata file do not match the log sequence number 3668219 in the ib_logfiles!
2017-07-20  0:25:10 11832 [Note] InnoDB: Restoring possible half-written data pages from the doublewrite buffer...
2017-07-20  0:25:11 11832 [Note] InnoDB: 128 rollback segment(s) are active.
2017-07-20  0:25:11 11832 [Note] InnoDB: Waiting for purge to start
2017-07-20  0:25:11 11832 [Note] InnoDB:  Percona XtraDB (http://www.percona.com) 5.6.36-82.0 started; log sequence number 3668219
2017-07-20  0:25:11 11520 [Note] InnoDB: Dumping buffer pool(s) not yet started
2017-07-20  0:25:11 11832 [Note] Plugin 'FEEDBACK' is disabled.
2017-07-20  0:25:11 11832 [Note] Server socket created on IP: '::'.
2017-07-20  0:25:11 11832 [Note] d:\wordpress\mysql\bin\mysqld.exe: ready for connections.
Version: '10.1.25-MariaDB'  socket: ''  port: 3306  mariadb.org binary distribution
